#
# A fatal error has been detected by the Java Runtime Environment:
#
#  EXCEPTION_ACCESS_VIOLATION (0xc0000005) at pc=0x00007ffbdfe1dccc, pid=204112, tid=203736
#
# JRE version: Java(TM) SE Runtime Environment (12.0.2+10) (build 12.0.2+10)
# Java VM: Java HotSpot(TM) 64-Bit Server VM (12.0.2+10, mixed mode, sharing, tiered, compressed oops, g1 gc, windows-amd64)
# Problematic frame:
# V  [jvm.dll+0x34dccc]
#
# No core dump will be written. Minidumps are not enabled by default on client versions of Windows
#
# If you would like to submit a bug report, please visit:
#   http://bugreport.java.com/bugreport/crash.jsp
#

---------------  S U M M A R Y ------------

Command Line: -agentlib:jdwp=transport=dt_socket,suspend=y,address=localhost:49430 -ea -Dfile.encoding=Cp1252 org.testng.remote.RemoteTestNG -serport 49429 -protocol json -d C:\Users\godbless.onyebuchi\eclipse-workspace\quickteller-5.0-webdriver-testsuite\test-output C:\Users\GODBLE~1.ONY\AppData\Local\Temp\testng-eclipse--3235385\testng-customsuite.xml

Host: Intel(R) Core(TM) i7-8550U CPU @ 1.80GHz, 8 cores, 15G,  Windows 10 , 64 bit Build 17763 (10.0.17763.379)
Time: Fri Sep  6 13:28:29 2019 W. Central Africa Standard Time elapsed time: 10239 seconds (0d 2h 50m 39s)

---------------  T H R E A D  ---------------

Current thread (0x00000273e390a800):  VMThread "VM Thread" [stack: 0x000000da0fc00000,0x000000da0fd00000] [id=203736]

Stack: [0x000000da0fc00000,0x000000da0fd00000],  sp=0x000000da0fcff080,  free space=1020k
Native frames: (J=compiled Java code, j=interpreted, Vv=VM code, C=native code)
V  [jvm.dll+0x34dccc]
V  [jvm.dll+0x350221]
V  [jvm.dll+0x350aee]
V  [jvm.dll+0x34df8c]
V  [jvm.dll+0x34d232]
V  [jvm.dll+0x629765]
V  [jvm.dll+0x6294ed]
V  [jvm.dll+0x5f07aa]
V  [jvm.dll+0x505327]
V  [jvm.dll+0x78f7cc]
V  [jvm.dll+0x793637]
V  [jvm.dll+0x793e8b]
V  [jvm.dll+0x7941d7]
V  [jvm.dll+0x74a2c8]
V  [jvm.dll+0x639b16]
C  [ucrtbase.dll+0x21ffa]
C  [KERNEL32.DLL+0x181f4]
C  [ntdll.dll+0x6a251]


siginfo: EXCEPTION_ACCESS_VIOLATION (0xc0000005), reading address 0x0000000000000006


Register to memory mapping:

RIP=0x00007ffbdfe1dccc jvm.dll
RAX=0x0 is NULL
RBX=0x000000da0fcff300 points into unknown readable memory: 68 d5 3a e0 fb 7f 00 00
RCX=0x0 is NULL
RDX=0x0 is NULL
RSP=0x000000da0fcff080 points into unknown readable memory: d0 f0 cf 0f da 00 00 00
RBP=0x0 is NULL
RSI=0x0000000000000001 is an unknown value
RDI=0x00007ffbe0566c98 jvm.dll
R8 =0x0 is NULL
R9 =0x000002738af0fa90 is pointing into metadata
R10=0x00007ffbdfad0000 jvm.dll
R11=0x00000273e38be310 points into unknown readable memory: 00 00 00 47 01 00 00 47
R12=0x00000273e38be100 points into unknown readable memory: 00 b1 3a e0 00 00 00 00
R13=0x0 is NULL
R14=0x000002738b186d6d is pointing into metadata
R15=0x000000000000002f is an unknown value


Registers:
RAX=0x0000000000000000, RBX=0x000000da0fcff300, RCX=0x0000000000000000, RDX=0x0000000000000000
RSP=0x000000da0fcff080, RBP=0x0000000000000000, RSI=0x0000000000000001, RDI=0x00007ffbe0566c98
R8 =0x0000000000000000, R9 =0x000002738af0fa90, R10=0x00007ffbdfad0000, R11=0x00000273e38be310
R12=0x00000273e38be100, R13=0x0000000000000000, R14=0x000002738b186d6d, R15=0x000000000000002f
RIP=0x00007ffbdfe1dccc, EFLAGS=0x0000000000010206

Top of Stack: (sp=0x000000da0fcff080)
0x000000da0fcff080:   000000da0fcff0d0 000000da0fcff108
0x000000da0fcff090:   00000273e38be2e0 000000000000013a
0x000000da0fcff0a0:   000000004fffffff 00007ffbdfe219f8
0x000000da0fcff0b0:   0000000046000001 000000da0fcff108
0x000000da0fcff0c0:   00005eb34d412dda 00007ffc6f7bb0a2
0x000000da0fcff0d0:   000002738b186d6d 000000da0fcff160
0x000000da0fcff0e0:   000000da0fcff300 00007ffbdfe20221
0x000000da0fcff0f0:   000002738b186d6c 0000000000000005
0x000000da0fcff100:   000000da0fcff190 00007ffbdfe21d64
0x000000da0fcff110:   000000da00000005 000000da0fcff190
0x000000da0fcff120:   000000000000002f 00000000000000cb
0x000000da0fcff130:   00000000000000b4 00007ffbdfe20aee
0x000000da0fcff140:   000000da0fcff300 000000da0fcff190
0x000000da0fcff150:   000002738b186d6d 6666666666666667
0x000000da0fcff160:   0000027388484ed0 00000273e390a800
0x000000da0fcff170:   0000000800000005 000000cb0000002f 

Instructions: (pc=0x00007ffbdfe1dccc)
0x00007ffbdfe1dbcc:   81 8b 75 58 41 81 e0 ff ff ff 00 41 81 c8 00 00
0x00007ffbdfe1dbdc:   00 47 48 8b cd 45 89 06 c7 45 58 01 00 00 00 e8
0x00007ffbdfe1dbec:   40 3e 00 00 66 83 7c 24 68 00 41 89 1e 89 75 58
0x00007ffbdfe1dbfc:   74 40 8b 4c 24 70 49 ff c7 0f b7 c1 48 83 c7 08
0x00007ffbdfe1dc0c:   4c 3b f8 0f 8c 4b ff ff ff 83 7d 5c 00 74 23 48
0x00007ffbdfe1dc1c:   83 3d 7d 91 74 00 00 74 15 80 7d 42 00 74 0f 48
0x00007ffbdfe1dc2c:   8d 15 26 29 55 00 48 8b cd e8 96 49 00 00 c6 45
0x00007ffbdfe1dc3c:   42 00 4c 8b 74 24 28 4c 8b 6c 24 30 4c 8b 64 24
0x00007ffbdfe1dc4c:   38 48 8b 7c 24 40 48 8b 74 24 48 48 8b 5c 24 60
0x00007ffbdfe1dc5c:   4c 8b 7c 24 20 48 83 c4 50 5d c3 cc cc cc cc cc
0x00007ffbdfe1dc6c:   cc cc cc cc 48 89 5c 24 10 48 89 6c 24 18 56 57
0x00007ffbdfe1dc7c:   41 56 48 83 ec 50 48 8b 05 77 8f 6f 00 48 33 c4
0x00007ffbdfe1dc8c:   48 89 44 24 40 48 8b 41 08 48 8b d9 41 8b e8 8b
0x00007ffbdfe1dc9c:   f2 45 33 c0 41 8b d1 48 8b 48 08 48 8b 79 08 48
0x00007ffbdfe1dcac:   8b cf e8 ed d8 f0 ff 8b d0 48 8b cf e8 23 09 f1
0x00007ffbdfe1dcbc:   ff 48 63 c8 48 8b 44 cf 40 48 8d 3d cc 8f 74 00
0x00007ffbdfe1dccc:   0f b6 48 06 8b 05 be 8f 74 00 80 f9 4c 74 2b 80
0x00007ffbdfe1dcdc:   f9 5b 74 26 80 f9 4a 74 18 80 f9 44 74 13 80 f9
0x00007ffbdfe1dcec:   56 48 8d 15 b4 8f 74 00 4c 8b d7 4c 0f 45 d2 eb
0x00007ffbdfe1dcfc:   29 4c 8d 15 d4 8f 74 00 eb 20 8b 8c 24 90 00 00
0x00007ffbdfe1dd0c:   00 4c 8d 54 24 30 81 e1 ff ff ff 00 89 44 24 34
0x00007ffbdfe1dd1c:   81 c9 00 00 00 46 89 4c 24 30 45 33 c0 85 f6 74
0x00007ffbdfe1dd2c:   05 49 8b fa eb 2a 41 8b 0a 85 c9 74 23 49 8b d0
0x00007ffbdfe1dd3c:   4d 8b c8 90 42 89 4c 0c 20 48 8d 52 01 4c 8d 0c
0x00007ffbdfe1dd4c:   95 00 00 00 00 41 ff c0 43 8b 0c 11 85 c9 75 e4
0x00007ffbdfe1dd5c:   85 ed 75 10 8b 0d a6 5a 6c 00 49 63 d0 41 ff c0
0x00007ffbdfe1dd6c:   89 4c 94 20 49 63 c8 4c 8d 74 24 20 89 44 8c 20
0x00007ffbdfe1dd7c:   8b 74 24 20 85 f6 74 4c 48 63 53 58 85 d2 7f 18
0x00007ffbdfe1dd8c:   48 8d 15 8d 16 51 00 48 8b cb e8 45 53 00 00 44
0x00007ffbdfe1dd9c:   8b 05 fe 8e 74 00 eb 16 48 63 4b 20 8d 42 ff 89
0x00007ffbdfe1ddac:   43 58 48 03 ca 48 8b 43 48 44 8b 44 88 fc 8b d6
0x00007ffbdfe1ddbc:   48 8b cb e8 ac f1 ff ff 41 8b 76 04 49 83 c6 04 


Stack slot to memory mapping:
stack at sp + 0 slots: 0x000000da0fcff0d0 points into unknown readable memory: 6d 6d 18 8b 73 02 00 00
stack at sp + 1 slots: 0x000000da0fcff108 points into unknown readable memory: 64 1d e2 df fb 7f 00 00
stack at sp + 2 slots: 0x00000273e38be2e0 points into unknown readable memory: 00 b1 3a e0 ba 00 00 00
stack at sp + 3 slots: 0x000000000000013a is an unknown value
stack at sp + 4 slots: 0x000000004fffffff is an unknown value
stack at sp + 5 slots: 0x00007ffbdfe219f8 jvm.dll
stack at sp + 6 slots: 0x0000000046000001 is an unknown value
stack at sp + 7 slots: 0x000000da0fcff108 points into unknown readable memory: 64 1d e2 df fb 7f 00 00

VM_Operation (0x000000da104ff600): GetOrSetLocal, mode: safepoint, requested by thread 0x00000273ffcd6800


---------------  P R O C E S S  ---------------

Threads class SMR info:
_java_thread_list=0x0000027389c43e90, length=18, elements={
0x00000273e3fde800, 0x00000273e390e000, 0x00000273ffb12800, 0x00000273ffb26800,
0x00000273ffb27800, 0x00000273ffb2b000, 0x00000273ffb2f800, 0x00000273ffb87800,
0x00000273ffcd6800, 0x00000273ffcda000, 0x00000273ffcda800, 0x00000273ffce9000,
0x00000273ffcea800, 0x00000273893af000, 0x0000027389e6a800, 0x0000027389e84000,
0x0000027389e5d000, 0x0000027389d3b800
}

Java Threads: ( => current thread )
  0x00000273e3fde800 JavaThread "main" [_thread_blocked, id=203140, stack(0x000000da0f600000,0x000000da0f700000)]
  0x00000273e390e000 JavaThread "Reference Handler" daemon [_thread_blocked, id=202704, stack(0x000000da0fd00000,0x000000da0fe00000)]
  0x00000273ffb12800 JavaThread "Finalizer" daemon [_thread_blocked, id=187456, stack(0x000000da0fe00000,0x000000da0ff00000)]
  0x00000273ffb26800 JavaThread "Signal Dispatcher" daemon [_thread_blocked, id=204496, stack(0x000000da0ff00000,0x000000da10000000)]
  0x00000273ffb27800 JavaThread "Attach Listener" daemon [_thread_blocked, id=204272, stack(0x000000da10000000,0x000000da10100000)]
  0x00000273ffb2b000 JavaThread "C2 CompilerThread0" daemon [_thread_blocked, id=204552, stack(0x000000da10100000,0x000000da10200000)]
  0x00000273ffb2f800 JavaThread "C1 CompilerThread0" daemon [_thread_blocked, id=203468, stack(0x000000da10200000,0x000000da10300000)]
  0x00000273ffb87800 JavaThread "Sweeper thread" daemon [_thread_blocked, id=204536, stack(0x000000da10300000,0x000000da10400000)]
  0x00000273ffcd6800 JavaThread "JDWP Transport Listener: dt_socket" daemon [_thread_blocked, id=204640, stack(0x000000da10400000,0x000000da10500000)] _threads_hazard_ptr=0x0000027389c43e90
  0x00000273ffcda000 JavaThread "JDWP Event Helper Thread" daemon [_thread_blocked, id=204480, stack(0x000000da10500000,0x000000da10600000)]
  0x00000273ffcda800 JavaThread "JDWP Command Reader" daemon [_thread_in_native, id=203072, stack(0x000000da10600000,0x000000da10700000)]
  0x00000273ffce9000 JavaThread "Service Thread" daemon [_thread_blocked, id=204524, stack(0x000000da10700000,0x000000da10800000)]
  0x00000273ffcea800 JavaThread "Common-Cleaner" daemon [_thread_blocked, id=163464, stack(0x000000da10900000,0x000000da10a00000)]
  0x00000273893af000 JavaThread "ReaderThread" [_thread_in_native, id=204660, stack(0x000000da10b00000,0x000000da10c00000)]
  0x0000027389e6a800 JavaThread "Exec Default Executor" daemon [_thread_in_native, id=185592, stack(0x000000da11300000,0x000000da11400000)]
  0x0000027389e84000 JavaThread "Exec Stream Pumper" daemon [_thread_in_native, id=204308, stack(0x000000da11400000,0x000000da11500000)]
  0x0000027389e5d000 JavaThread "Exec Stream Pumper" daemon [_thread_in_native, id=198452, stack(0x000000da11500000,0x000000da11600000)]
  0x0000027389d3b800 JavaThread "ForkJoinPool.commonPool-worker-3" daemon [_thread_blocked, id=198320, stack(0x000000da10c00000,0x000000da10d00000)]

Other Threads:
=>0x00000273e390a800 VMThread "VM Thread" [stack: 0x000000da0fc00000,0x000000da0fd00000] [id=203736]
  0x00000273ffcee800 WatcherThread [stack: 0x000000da10800000,0x000000da10900000] [id=204304]
  0x00000273e3779800 GCTaskThread "GC Thread#0" [stack: 0x000000da0f700000,0x000000da0f800000] [id=204160]
  0x0000027389c90000 GCTaskThread "GC Thread#1" [stack: 0x000000da10d00000,0x000000da10e00000] [id=189108]
  0x0000027389c92800 GCTaskThread "GC Thread#2" [stack: 0x000000da10e00000,0x000000da10f00000] [id=203328]
  0x0000027389c91800 GCTaskThread "GC Thread#3" [stack: 0x000000da10f00000,0x000000da11000000] [id=165936]
  0x0000027389c8c000 GCTaskThread "GC Thread#4" [stack: 0x000000da11000000,0x000000da11100000] [id=95516]
  0x0000027389c93000 GCTaskThread "GC Thread#5" [stack: 0x000000da11100000,0x000000da11200000] [id=202848]
  0x00000273e3793000 ConcurrentGCThread "G1 Main Marker" [stack: 0x000000da0f800000,0x000000da0f900000] [id=204532]
  0x00000273e3796800 ConcurrentGCThread "G1 Conc#0" [stack: 0x000000da0f900000,0x000000da0fa00000] [id=204440]
  0x00000273e38bd000 ConcurrentGCThread "G1 Refine#0" [stack: 0x000000da0fa00000,0x000000da0fb00000] [id=204280]
  0x00000273e38c0000 ConcurrentGCThread "G1 Young RemSet Sampling" [stack: 0x000000da0fb00000,0x000000da0fc00000] [id=194816]

Threads with active compile tasks:

VM state:at safepoint (normal execution)

VM Mutex/Monitor currently owned by a thread:  ([mutex/lock_event])
[0x00000273e3711cf0] Threads_lock - owner thread: 0x00000273e390a800

Heap address: 0x0000000702400000, size: 4060 MB, Compressed Oops mode: Zero based, Oop shift amount: 3
Narrow klass base: 0x0000000800000000, Narrow klass shift: 3
Compressed class space size: 1073741824 Address: 0x0000000801190000

Heap:
 garbage-first heap   total 260096K, used 38337K [0x0000000702400000, 0x0000000800000000)
  region size 1024K, 35 young (35840K), 3 survivors (3072K)
 Metaspace       used 14060K, capacity 14506K, committed 14720K, reserved 1062912K
  class space    used 1769K, capacity 1919K, committed 1920K, reserved 1048576K
Heap Regions: E=young(eden), S=young(survivor), O=old, HS=humongous(starts), HC=humongous(continues), CS=collection set, F=free, A=archive, TAMS=top-at-mark-start (previous, next)
|   0|0x0000000702400000, 0x0000000702500000, 0x0000000702500000|100%|HS|  |TAMS 0x0000000702400000, 0x0000000702400000| Complete 
|   1|0x0000000702500000, 0x0000000702600000, 0x0000000702600000|100%| O|  |TAMS 0x0000000702500000, 0x0000000702500000| Untracked 
|   2|0x0000000702600000, 0x0000000702700000, 0x0000000702700000|100%| O|  |TAMS 0x0000000702600000, 0x0000000702600000| Untracked 
|   3|0x0000000702700000, 0x0000000702770400, 0x0000000702800000| 43%| O|  |TAMS 0x0000000702700000, 0x0000000702700000| Untracked 
|   4|0x0000000702800000, 0x0000000702800000, 0x0000000702900000|  0%| F|  |TAMS 0x0000000702800000, 0x0000000702800000| Untracked 
|   5|0x0000000702900000, 0x0000000702900000, 0x0000000702a00000|  0%| F|  |TAMS 0x0000000702900000, 0x0000000702900000| Untracked 
|   6|0x0000000702a00000, 0x0000000702a00000, 0x0000000702b00000|  0%| F|  |TAMS 0x0000000702a00000, 0x0000000702a00000| Untracked 
|   7|0x0000000702b00000, 0x0000000702b00000, 0x0000000702c00000|  0%| F|  |TAMS 0x0000000702b00000, 0x0000000702b00000| Untracked 
|   8|0x0000000702c00000, 0x0000000702c00000, 0x0000000702d00000|  0%| F|  |TAMS 0x0000000702c00000, 0x0000000702c00000| Untracked 
|   9|0x0000000702d00000, 0x0000000702d00000, 0x0000000702e00000|  0%| F|  |TAMS 0x0000000702d00000, 0x0000000702d00000| Untracked 
|  10|0x0000000702e00000, 0x0000000702e00000, 0x0000000702f00000|  0%| F|  |TAMS 0x0000000702e00000, 0x0000000702e00000| Untracked 
|  11|0x0000000702f00000, 0x0000000702f00000, 0x0000000703000000|  0%| F|  |TAMS 0x0000000702f00000, 0x0000000702f00000| Untracked 
|  12|0x0000000703000000, 0x0000000703000000, 0x0000000703100000|  0%| F|  |TAMS 0x0000000703000000, 0x0000000703000000| Untracked 
|  13|0x0000000703100000, 0x0000000703100000, 0x0000000703200000|  0%| F|  |TAMS 0x0000000703100000, 0x0000000703100000| Untracked 
|  14|0x0000000703200000, 0x0000000703200000, 0x0000000703300000|  0%| F|  |TAMS 0x0000000703200000, 0x0000000703200000| Untracked 
|  15|0x0000000703300000, 0x0000000703300000, 0x0000000703400000|  0%| F|  |TAMS 0x0000000703300000, 0x0000000703300000| Untracked 
|  16|0x0000000703400000, 0x0000000703400000, 0x0000000703500000|  0%| F|  |TAMS 0x0000000703400000, 0x0000000703400000| Untracked 
|  17|0x0000000703500000, 0x0000000703500000, 0x0000000703600000|  0%| F|  |TAMS 0x0000000703500000, 0x0000000703500000| Untracked 
|  18|0x0000000703600000, 0x0000000703600000, 0x0000000703700000|  0%| F|  |TAMS 0x0000000703600000, 0x0000000703600000| Untracked 
|  19|0x0000000703700000, 0x0000000703700000, 0x0000000703800000|  0%| F|  |TAMS 0x0000000703700000, 0x0000000703700000| Untracked 
|  20|0x0000000703800000, 0x0000000703800000, 0x0000000703900000|  0%| F|  |TAMS 0x0000000703800000, 0x0000000703800000| Untracked 
|  21|0x0000000703900000, 0x0000000703900000, 0x0000000703a00000|  0%| F|  |TAMS 0x0000000703900000, 0x0000000703900000| Untracked 
|  22|0x0000000703a00000, 0x0000000703a00000, 0x0000000703b00000|  0%| F|  |TAMS 0x0000000703a00000, 0x0000000703a00000| Untracked 
|  23|0x0000000703b00000, 0x0000000703b00000, 0x0000000703c00000|  0%| F|  |TAMS 0x0000000703b00000, 0x0000000703b00000| Untracked 
|  24|0x0000000703c00000, 0x0000000703c00000, 0x0000000703d00000|  0%| F|  |TAMS 0x0000000703c00000, 0x0000000703c00000| Untracked 
|  25|0x0000000703d00000, 0x0000000703d00000, 0x0000000703e00000|  0%| F|  |TAMS 0x0000000703d00000, 0x0000000703d00000| Untracked 
|  26|0x0000000703e00000, 0x0000000703e00000, 0x0000000703f00000|  0%| F|  |TAMS 0x0000000703e00000, 0x0000000703e00000| Untracked 
|  27|0x0000000703f00000, 0x0000000703f00000, 0x0000000704000000|  0%| F|  |TAMS 0x0000000703f00000, 0x0000000703f00000| Untracked 
|  28|0x0000000704000000, 0x0000000704000000, 0x0000000704100000|  0%| F|  |TAMS 0x0000000704000000, 0x0000000704000000| Untracked 
|  29|0x0000000704100000, 0x0000000704100000, 0x0000000704200000|  0%| F|  |TAMS 0x0000000704100000, 0x0000000704100000| Untracked 
|  30|0x0000000704200000, 0x0000000704200000, 0x0000000704300000|  0%| F|  |TAMS 0x0000000704200000, 0x0000000704200000| Untracked 
|  31|0x0000000704300000, 0x0000000704300000, 0x0000000704400000|  0%| F|  |TAMS 0x0000000704300000, 0x0000000704300000| Untracked 
|  32|0x0000000704400000, 0x0000000704400000, 0x0000000704500000|  0%| F|  |TAMS 0x0000000704400000, 0x0000000704400000| Untracked 
|  33|0x0000000704500000, 0x0000000704500000, 0x0000000704600000|  0%| F|  |TAMS 0x0000000704500000, 0x0000000704500000| Untracked 
|  34|0x0000000704600000, 0x0000000704600000, 0x0000000704700000|  0%| F|  |TAMS 0x0000000704600000, 0x0000000704600000| Untracked 
|  35|0x0000000704700000, 0x0000000704700000, 0x0000000704800000|  0%| F|  |TAMS 0x0000000704700000, 0x0000000704700000| Untracked 
|  36|0x0000000704800000, 0x0000000704800000, 0x0000000704900000|  0%| F|  |TAMS 0x0000000704800000, 0x0000000704800000| Untracked 
|  37|0x0000000704900000, 0x0000000704900000, 0x0000000704a00000|  0%| F|  |TAMS 0x0000000704900000, 0x0000000704900000| Untracked 
|  38|0x0000000704a00000, 0x0000000704a00000, 0x0000000704b00000|  0%| F|  |TAMS 0x0000000704a00000, 0x0000000704a00000| Untracked 
|  39|0x0000000704b00000, 0x0000000704b00000, 0x0000000704c00000|  0%| F|  |TAMS 0x0000000704b00000, 0x0000000704b00000| Untracked 
|  40|0x0000000704c00000, 0x0000000704c00000, 0x0000000704d00000|  0%| F|  |TAMS 0x0000000704c00000, 0x0000000704c00000| Untracked 
|  41|0x0000000704d00000, 0x0000000704d00000, 0x0000000704e00000|  0%| F|  |TAMS 0x0000000704d00000, 0x0000000704d00000| Untracked 
|  42|0x0000000704e00000, 0x0000000704e00000, 0x0000000704f00000|  0%| F|  |TAMS 0x0000000704e00000, 0x0000000704e00000| Untracked 
|  43|0x0000000704f00000, 0x0000000704f00000, 0x0000000705000000|  0%| F|  |TAMS 0x0000000704f00000, 0x0000000704f00000| Untracked 
|  44|0x0000000705000000, 0x0000000705000000, 0x0000000705100000|  0%| F|  |TAMS 0x0000000705000000, 0x0000000705000000| Untracked 
|  45|0x0000000705100000, 0x0000000705100000, 0x0000000705200000|  0%| F|  |TAMS 0x0000000705100000, 0x0000000705100000| Untracked 
|  46|0x0000000705200000, 0x0000000705200000, 0x0000000705300000|  0%| F|  |TAMS 0x0000000705200000, 0x0000000705200000| Untracked 
|  47|0x0000000705300000, 0x0000000705300000, 0x0000000705400000|  0%| F|  |TAMS 0x0000000705300000, 0x0000000705300000| Untracked 
|  48|0x0000000705400000, 0x0000000705400000, 0x0000000705500000|  0%| F|  |TAMS 0x0000000705400000, 0x0000000705400000| Untracked 
|  49|0x0000000705500000, 0x0000000705500000, 0x0000000705600000|  0%| F|  |TAMS 0x0000000705500000, 0x0000000705500000| Untracked 
|  50|0x0000000705600000, 0x0000000705600000, 0x0000000705700000|  0%| F|  |TAMS 0x0000000705600000, 0x0000000705600000| Untracked 
|  51|0x0000000705700000, 0x0000000705700000, 0x0000000705800000|  0%| F|  |TAMS 0x0000000705700000, 0x0000000705700000| Untracked 
|  52|0x0000000705800000, 0x0000000705800000, 0x0000000705900000|  0%| F|  |TAMS 0x0000000705800000, 0x0000000705800000| Untracked 
|  53|0x0000000705900000, 0x0000000705900000, 0x0000000705a00000|  0%| F|  |TAMS 0x0000000705900000, 0x0000000705900000| Untracked 
|  54|0x0000000705a00000, 0x0000000705a00000, 0x0000000705b00000|  0%| F|  |TAMS 0x0000000705a00000, 0x0000000705a00000| Untracked 
|  55|0x0000000705b00000, 0x0000000705b00000, 0x0000000705c00000|  0%| F|  |TAMS 0x0000000705b00000, 0x0000000705b00000| Untracked 
|  56|0x0000000705c00000, 0x0000000705c00000, 0x0000000705d00000|  0%| F|  |TAMS 0x0000000705c00000, 0x0000000705c00000| Untracked 
|  57|0x0000000705d00000, 0x0000000705d00000, 0x0000000705e00000|  0%| F|  |TAMS 0x0000000705d00000, 0x0000000705d00000| Untracked 
|  58|0x0000000705e00000, 0x0000000705e00000, 0x0000000705f00000|  0%| F|  |TAMS 0x0000000705e00000, 0x0000000705e00000| Untracked 
|  59|0x0000000705f00000, 0x0000000705f00000, 0x0000000706000000|  0%| F|  |TAMS 0x0000000705f00000, 0x0000000705f00000| Untracked 
|  60|0x0000000706000000, 0x0000000706000000, 0x0000000706100000|  0%| F|  |TAMS 0x0000000706000000, 0x0000000706000000| Untracked 
|  61|0x0000000706100000, 0x0000000706100000, 0x0000000706200000|  0%| F|  |TAMS 0x0000000706100000, 0x0000000706100000| Untracked 
|  62|0x0000000706200000, 0x0000000706200000, 0x0000000706300000|  0%| F|  |TAMS 0x0000000706200000, 0x0000000706200000| Untracked 
|  63|0x0000000706300000, 0x0000000706300000, 0x0000000706400000|  0%| F|  |TAMS 0x0000000706300000, 0x0000000706300000| Untracked 
|  64|0x0000000706400000, 0x0000000706400000, 0x0000000706500000|  0%| F|  |TAMS 0x0000000706400000, 0x0000000706400000| Untracked 
|  65|0x0000000706500000, 0x0000000706500000, 0x0000000706600000|  0%| F|  |TAMS 0x0000000706500000, 0x0000000706500000| Untracked 
|  66|0x0000000706600000, 0x0000000706600000, 0x0000000706700000|  0%| F|  |TAMS 0x0000000706600000, 0x0000000706600000| Untracked 
|  67|0x0000000706700000, 0x0000000706700000, 0x0000000706800000|  0%| F|  |TAMS 0x0000000706700000, 0x0000000706700000| Untracked 
|  68|0x0000000706800000, 0x0000000706800000, 0x0000000706900000|  0%| F|  |TAMS 0x0000000706800000, 0x0000000706800000| Untracked 
|  69|0x0000000706900000, 0x0000000706900000, 0x0000000706a00000|  0%| F|  |TAMS 0x0000000706900000, 0x0000000706900000| Untracked 
|  70|0x0000000706a00000, 0x0000000706a00000, 0x0000000706b00000|  0%| F|  |TAMS 0x0000000706a00000, 0x0000000706a00000| Untracked 
|  71|0x0000000706b00000, 0x0000000706b00000, 0x0000000706c00000|  0%| F|  |TAMS 0x0000000706b00000, 0x0000000706b00000| Untracked 
|  72|0x0000000706c00000, 0x0000000706c00000, 0x0000000706d00000|  0%| F|  |TAMS 0x0000000706c00000, 0x0000000706c00000| Untracked 
|  73|0x0000000706d00000, 0x0000000706d00000, 0x0000000706e00000|  0%| F|  |TAMS 0x0000000706d00000, 0x0000000706d00000| Untracked 
|  74|0x0000000706e00000, 0x0000000706e00000, 0x0000000706f00000|  0%| F|  |TAMS 0x0000000706e00000, 0x0000000706e00000| Untracked 
|  75|0x0000000706f00000, 0x0000000706f00000, 0x0000000707000000|  0%| F|  |TAMS 0x0000000706f00000, 0x0000000706f00000| Untracked 
|  76|0x0000000707000000, 0x0000000707000000, 0x0000000707100000|  0%| F|  |TAMS 0x0000000707000000, 0x0000000707000000| Untracked 
|  77|0x0000000707100000, 0x0000000707100000, 0x0000000707200000|  0%| F|  |TAMS 0x0000000707100000, 0x0000000707100000| Untracked 
|  78|0x0000000707200000, 0x0000000707200000, 0x0000000707300000|  0%| F|  |TAMS 0x0000000707200000, 0x0000000707200000| Untracked 
|  79|0x0000000707300000, 0x0000000707300000, 0x0000000707400000|  0%| F|  |TAMS 0x0000000707300000, 0x0000000707300000| Untracked 
|  80|0x0000000707400000, 0x0000000707400000, 0x0000000707500000|  0%| F|  |TAMS 0x0000000707400000, 0x0000000707400000| Untracked 
|  81|0x0000000707500000, 0x0000000707500000, 0x0000000707600000|  0%| F|  |TAMS 0x0000000707500000, 0x0000000707500000| Untracked 
|  82|0x0000000707600000, 0x0000000707600000, 0x0000000707700000|  0%| F|  |TAMS 0x0000000707600000, 0x0000000707600000| Untracked 
|  83|0x0000000707700000, 0x0000000707700000, 0x0000000707800000|  0%| F|  |TAMS 0x0000000707700000, 0x0000000707700000| Untracked 
|  84|0x0000000707800000, 0x0000000707800000, 0x0000000707900000|  0%| F|  |TAMS 0x0000000707800000, 0x0000000707800000| Untracked 
|  85|0x0000000707900000, 0x0000000707900000, 0x0000000707a00000|  0%| F|  |TAMS 0x0000000707900000, 0x0000000707900000| Untracked 
|  86|0x0000000707a00000, 0x0000000707a00000, 0x0000000707b00000|  0%| F|  |TAMS 0x0000000707a00000, 0x0000000707a00000| Untracked 
|  87|0x0000000707b00000, 0x0000000707b00000, 0x0000000707c00000|  0%| F|  |TAMS 0x0000000707b00000, 0x0000000707b00000| Untracked 
|  88|0x0000000707c00000, 0x0000000707c00000, 0x0000000707d00000|  0%| F|  |TAMS 0x0000000707c00000, 0x0000000707c00000| Untracked 
|  89|0x0000000707d00000, 0x0000000707d00000, 0x0000000707e00000|  0%| F|  |TAMS 0x0000000707d00000, 0x0000000707d00000| Untracked 
|  90|0x0000000707e00000, 0x0000000707e00000, 0x0000000707f00000|  0%| F|  |TAMS 0x0000000707e00000, 0x0000000707e00000| Untracked 
|  91|0x0000000707f00000, 0x0000000707f00000, 0x0000000708000000|  0%| F|  |TAMS 0x0000000707f00000, 0x0000000707f00000| Untracked 
|  92|0x0000000708000000, 0x0000000708000000, 0x0000000708100000|  0%| F|  |TAMS 0x0000000708000000, 0x0000000708000000| Untracked 
|  93|0x0000000708100000, 0x0000000708100000, 0x0000000708200000|  0%| F|  |TAMS 0x0000000708100000, 0x0000000708100000| Untracked 
|  94|0x0000000708200000, 0x0000000708200000, 0x0000000708300000|  0%| F|  |TAMS 0x0000000708200000, 0x0000000708200000| Untracked 
|  95|0x0000000708300000, 0x0000000708300000, 0x0000000708400000|  0%| F|  |TAMS 0x0000000708300000, 0x0000000708300000| Untracked 
|  96|0x0000000708400000, 0x0000000708400000, 0x0000000708500000|  0%| F|  |TAMS 0x0000000708400000, 0x0000000708400000| Untracked 
|  97|0x0000000708500000, 0x0000000708500000, 0x0000000708600000|  0%| F|  |TAMS 0x0000000708500000, 0x0000000708500000| Untracked 
|  98|0x0000000708600000, 0x0000000708600000, 0x0000000708700000|  0%| F|  |TAMS 0x0000000708600000, 0x0000000708600000| Untracked 
|  99|0x0000000708700000, 0x0000000708700000, 0x0000000708800000|  0%| F|  |TAMS 0x0000000708700000, 0x0000000708700000| Untracked 
| 100|0x0000000708800000, 0x0000000708800000, 0x0000000708900000|  0%| F|  |TAMS 0x0000000708800000, 0x0000000708800000| Untracked 
| 101|0x0000000708900000, 0x0000000708900000, 0x0000000708a00000|  0%| F|  |TAMS 0x0000000708900000, 0x0000000708900000| Untracked 
| 102|0x0000000708a00000, 0x0000000708a00000, 0x0000000708b00000|  0%| F|  |TAMS 0x0000000708a00000, 0x0000000708a00000| Untracked 
| 103|0x0000000708b00000, 0x0000000708b00000, 0x0000000708c00000|  0%| F|  |TAMS 0x0000000708b00000, 0x0000000708b00000| Untracked 
| 104|0x0000000708c00000, 0x0000000708c00000, 0x0000000708d00000|  0%| F|  |TAMS 0x0000000708c00000, 0x0000000708c00000| Untracked 
| 105|0x0000000708d00000, 0x0000000708d00000, 0x0000000708e00000|  0%| F|  |TAMS 0x0000000708d00000, 0x0000000708d00000| Untracked 
| 106|0x0000000708e00000, 0x0000000708e00000, 0x0000000708f00000|  0%| F|  |TAMS 0x0000000708e00000, 0x0000000708e00000| Untracked 
| 107|0x0000000708f00000, 0x0000000708f00000, 0x0000000709000000|  0%| F|  |TAMS 0x0000000708f00000, 0x0000000708f00000| Untracked 
| 108|0x0000000709000000, 0x0000000709000000, 0x0000000709100000|  0%| F|  |TAMS 0x0000000709000000, 0x0000000709000000| Untracked 
| 109|0x0000000709100000, 0x0000000709100000, 0x0000000709200000|  0%| F|  |TAMS 0x0000000709100000, 0x0000000709100000| Untracked 
| 110|0x0000000709200000, 0x0000000709200000, 0x0000000709300000|  0%| F|  |TAMS 0x0000000709200000, 0x0000000709200000| Untracked 
| 111|0x0000000709300000, 0x0000000709300000, 0x0000000709400000|  0%| F|  |TAMS 0x0000000709300000, 0x0000000709300000| Untracked 
| 112|0x0000000709400000, 0x0000000709400000, 0x0000000709500000|  0%| F|  |TAMS 0x0000000709400000, 0x0000000709400000| Untracked 
| 113|0x0000000709500000, 0x0000000709500000, 0x0000000709600000|  0%| F|  |TAMS 0x0000000709500000, 0x0000000709500000| Untracked 
| 114|0x0000000709600000, 0x0000000709600000, 0x0000000709700000|  0%| F|  |TAMS 0x0000000709600000, 0x0000000709600000| Untracked 
| 115|0x0000000709700000, 0x0000000709700000, 0x0000000709800000|  0%| F|  |TAMS 0x0000000709700000, 0x0000000709700000| Untracked 
| 116|0x0000000709800000, 0x0000000709800000, 0x0000000709900000|  0%| F|  |TAMS 0x0000000709800000, 0x0000000709800000| Untracked 
| 117|0x0000000709900000, 0x0000000709900000, 0x0000000709a00000|  0%| F|  |TAMS 0x0000000709900000, 0x0000000709900000| Untracked 
| 118|0x0000000709a00000, 0x0000000709a00000, 0x0000000709b00000|  0%| F|  |TAMS 0x0000000709a00000, 0x0000000709a00000| Untracked 
| 119|0x0000000709b00000, 0x0000000709b00000, 0x0000000709c00000|  0%| F|  |TAMS 0x0000000709b00000, 0x0000000709b00000| Untracked 
| 120|0x0000000709c00000, 0x0000000709c00000, 0x0000000709d00000|  0%| F|  |TAMS 0x0000000709c00000, 0x0000000709c00000| Untracked 
| 121|0x0000000709d00000, 0x0000000709d00000, 0x0000000709e00000|  0%| F|  |TAMS 0x0000000709d00000, 0x0000000709d00000| Untracked 
| 122|0x0000000709e00000, 0x0000000709e00000, 0x0000000709f00000|  0%| F|  |TAMS 0x0000000709e00000, 0x0000000709e00000| Untracked 
| 123|0x0000000709f00000, 0x0000000709f00000, 0x000000070a000000|  0%| F|  |TAMS 0x0000000709f00000, 0x0000000709f00000| Untracked 
| 124|0x000000070a000000, 0x000000070a000000, 0x000000070a100000|  0%| F|  |TAMS 0x000000070a000000, 0x000000070a000000| Untracked 
| 125|0x000000070a100000, 0x000000070a100000, 0x000000070a200000|  0%| F|  |TAMS 0x000000070a100000, 0x000000070a100000| Untracked 
| 126|0x000000070a200000, 0x000000070a200000, 0x000000070a300000|  0%| F|  |TAMS 0x000000070a200000, 0x000000070a200000| Untracked 
| 127|0x000000070a300000, 0x000000070a300000, 0x000000070a400000|  0%| F|  |TAMS 0x000000070a300000, 0x000000070a300000| Untracked 
| 128|0x000000070a400000, 0x000000070a400000, 0x000000070a500000|  0%| F|  |TAMS 0x000000070a400000, 0x000000070a400000| Untracked 
| 129|0x000000070a500000, 0x000000070a500000, 0x000000070a600000|  0%| F|  |TAMS 0x000000070a500000, 0x000000070a500000| Untracked 
| 130|0x000000070a600000, 0x000000070a600000, 0x000000070a700000|  0%| F|  |TAMS 0x000000070a600000, 0x000000070a600000| Untracked 
| 131|0x000000070a700000, 0x000000070a700000, 0x000000070a800000|  0%| F|  |TAMS 0x000000070a700000, 0x000000070a700000| Untracked 
| 132|0x000000070a800000, 0x000000070a800000, 0x000000070a900000|  0%| F|  |TAMS 0x000000070a800000, 0x000000070a800000| Untracked 
| 133|0x000000070a900000, 0x000000070a900000, 0x000000070aa00000|  0%| F|  |TAMS 0x000000070a900000, 0x000000070a900000| Untracked 
| 134|0x000000070aa00000, 0x000000070aa00000, 0x000000070ab00000|  0%| F|  |TAMS 0x000000070aa00000, 0x000000070aa00000| Untracked 
| 135|0x000000070ab00000, 0x000000070ab00000, 0x000000070ac00000|  0%| F|  |TAMS 0x000000070ab00000, 0x000000070ab00000| Untracked 
| 136|0x000000070ac00000, 0x000000070ac00000, 0x000000070ad00000|  0%| F|  |TAMS 0x000000070ac00000, 0x000000070ac00000| Untracked 
| 137|0x000000070ad00000, 0x000000070ad00000, 0x000000070ae00000|  0%| F|  |TAMS 0x000000070ad00000, 0x000000070ad00000| Untracked 
| 138|0x000000070ae00000, 0x000000070ae00000, 0x000000070af00000|  0%| F|  |TAMS 0x000000070ae00000, 0x000000070ae00000| Untracked 
| 139|0x000000070af00000, 0x000000070af00000, 0x000000070b000000|  0%| F|  |TAMS 0x000000070af00000, 0x000000070af00000| Untracked 
| 140|0x000000070b000000, 0x000000070b000000, 0x000000070b100000|  0%| F|  |TAMS 0x000000070b000000, 0x000000070b000000| Untracked 
| 141|0x000000070b100000, 0x000000070b100000, 0x000000070b200000|  0%| F|  |TAMS 0x000000070b100000, 0x000000070b100000| Untracked 
| 142|0x000000070b200000, 0x000000070b200000, 0x000000070b300000|  0%| F|  |TAMS 0x000000070b200000, 0x000000070b200000| Untracked 
| 143|0x000000070b300000, 0x000000070b300000, 0x000000070b400000|  0%| F|  |TAMS 0x000000070b300000, 0x000000070b300000| Untracked 
| 144|0x000000070b400000, 0x000000070b400000, 0x000000070b500000|  0%| F|  |TAMS 0x000000070b400000, 0x000000070b400000| Untracked 
| 145|0x000000070b500000, 0x000000070b500000, 0x000000070b600000|  0%| F|  |TAMS 0x000000070b500000, 0x000000070b500000| Untracked 
| 146|0x000000070b600000, 0x000000070b600000, 0x000000070b700000|  0%| F|  |TAMS 0x000000070b600000, 0x000000070b600000| Untracked 
| 147|0x000000070b700000, 0x000000070b700000, 0x000000070b800000|  0%| F|  |TAMS 0x000000070b700000, 0x000000070b700000| Untracked 
| 148|0x000000070b800000, 0x000000070b800000, 0x000000070b900000|  0%| F|  |TAMS 0x000000070b800000, 0x000000070b800000| Untracked 
| 149|0x000000070b900000, 0x000000070b900000, 0x000000070ba00000|  0%| F|  |TAMS 0x000000070b900000, 0x000000070b900000| Untracked 
| 150|0x000000070ba00000, 0x000000070ba00000, 0x000000070bb00000|  0%| F|  |TAMS 0x000000070ba00000, 0x000000070ba00000| Untracked 
| 151|0x000000070bb00000, 0x000000070bb00000, 0x000000070bc00000|  0%| F|  |TAMS 0x000000070bb00000, 0x000000070bb00000| Untracked 
| 152|0x000000070bc00000, 0x000000070bc00000, 0x000000070bd00000|  0%| F|  |TAMS 0x000000070bc00000, 0x000000070bc00000| Untracked 
| 153|0x000000070bd00000, 0x000000070bd00000, 0x000000070be00000|  0%| F|  |TAMS 0x000000070bd00000, 0x000000070bd00000| Untracked 
| 154|0x000000070be00000, 0x000000070be00000, 0x000000070bf00000|  0%| F|  |TAMS 0x000000070be00000, 0x000000070be00000| Untracked 
| 155|0x000000070bf00000, 0x000000070bf00000, 0x000000070c000000|  0%| F|  |TAMS 0x000000070bf00000, 0x000000070bf00000| Untracked 
| 156|0x000000070c000000, 0x000000070c000000, 0x000000070c100000|  0%| F|  |TAMS 0x000000070c000000, 0x000000070c000000| Untracked 
| 157|0x000000070c100000, 0x000000070c100000, 0x000000070c200000|  0%| F|  |TAMS 0x000000070c100000, 0x000000070c100000| Untracked 
| 158|0x000000070c200000, 0x000000070c200000, 0x000000070c300000|  0%| F|  |TAMS 0x000000070c200000, 0x000000070c200000| Untracked 
| 159|0x000000070c300000, 0x000000070c300000, 0x000000070c400000|  0%| F|  |TAMS 0x000000070c300000, 0x000000070c300000| Untracked 
| 160|0x000000070c400000, 0x000000070c400000, 0x000000070c500000|  0%| F|  |TAMS 0x000000070c400000, 0x000000070c400000| Untracked 
| 161|0x000000070c500000, 0x000000070c500000, 0x000000070c600000|  0%| F|  |TAMS 0x000000070c500000, 0x000000070c500000| Untracked 
| 162|0x000000070c600000, 0x000000070c600000, 0x000000070c700000|  0%| F|  |TAMS 0x000000070c600000, 0x000000070c600000| Untracked 
| 163|0x000000070c700000, 0x000000070c700000, 0x000000070c800000|  0%| F|  |TAMS 0x000000070c700000, 0x000000070c700000| Untracked 
| 164|0x000000070c800000, 0x000000070c800000, 0x000000070c900000|  0%| F|  |TAMS 0x000000070c800000, 0x000000070c800000| Untracked 
| 165|0x000000070c900000, 0x000000070c900000, 0x000000070ca00000|  0%| F|  |TAMS 0x000000070c900000, 0x000000070c900000| Untracked 
| 166|0x000000070ca00000, 0x000000070ca00000, 0x000000070cb00000|  0%| F|  |TAMS 0x000000070ca00000, 0x000000070ca00000| Untracked 
| 167|0x000000070cb00000, 0x000000070cb00000, 0x000000070cc00000|  0%| F|  |TAMS 0x000000070cb00000, 0x000000070cb00000| Untracked 
| 168|0x000000070cc00000, 0x000000070cc00000, 0x000000070cd00000|  0%| F|  |TAMS 0x000000070cc00000, 0x000000070cc00000| Untracked 
| 169|0x000000070cd00000, 0x000000070cd00000, 0x000000070ce00000|  0%| F|  |TAMS 0x000000070cd00000, 0x000000070cd00000| Untracked 
| 170|0x000000070ce00000, 0x000000070ce00000, 0x000000070cf00000|  0%| F|  |TAMS 0x000000070ce00000, 0x000000070ce00000| Untracked 
| 171|0x000000070cf00000, 0x000000070cf00000, 0x000000070d000000|  0%| F|  |TAMS 0x000000070cf00000, 0x000000070cf00000| Untracked 
| 172|0x000000070d000000, 0x000000070d000000, 0x000000070d100000|  0%| F|  |TAMS 0x000000070d000000, 0x000000070d000000| Untracked 
| 173|0x000000070d100000, 0x000000070d100000, 0x000000070d200000|  0%| F|  |TAMS 0x000000070d100000, 0x000000070d100000| Untracked 
| 174|0x000000070d200000, 0x000000070d200000, 0x000000070d300000|  0%| F|  |TAMS 0x000000070d200000, 0x000000070d200000| Untracked 
| 175|0x000000070d300000, 0x000000070d300000, 0x000000070d400000|  0%| F|  |TAMS 0x000000070d300000, 0x000000070d300000| Untracked 
| 176|0x000000070d400000, 0x000000070d400000, 0x000000070d500000|  0%| F|  |TAMS 0x000000070d400000, 0x000000070d400000| Untracked 
| 177|0x000000070d500000, 0x000000070d500000, 0x000000070d600000|  0%| F|  |TAMS 0x000000070d500000, 0x000000070d500000| Untracked 
| 178|0x000000070d600000, 0x000000070d600000, 0x000000070d700000|  0%| F|  |TAMS 0x000000070d600000, 0x000000070d600000| Untracked 
| 179|0x000000070d700000, 0x000000070d700000, 0x000000070d800000|  0%| F|  |TAMS 0x000000070d700000, 0x000000070d700000| Untracked 
| 180|0x000000070d800000, 0x000000070d800000, 0x000000070d900000|  0%| F|  |TAMS 0x000000070d800000, 0x000000070d800000| Untracked 
| 181|0x000000070d900000, 0x000000070d900000, 0x000000070da00000|  0%| F|  |TAMS 0x000000070d900000, 0x000000070d900000| Untracked 
| 182|0x000000070da00000, 0x000000070da00000, 0x000000070db00000|  0%| F|  |TAMS 0x000000070da00000, 0x000000070da00000| Untracked 
| 183|0x000000070db00000, 0x000000070db00000, 0x000000070dc00000|  0%| F|  |TAMS 0x000000070db00000, 0x000000070db00000| Untracked 
| 184|0x000000070dc00000, 0x000000070dc00000, 0x000000070dd00000|  0%| F|  |TAMS 0x000000070dc00000, 0x000000070dc00000| Untracked 
| 185|0x000000070dd00000, 0x000000070dd00000, 0x000000070de00000|  0%| F|  |TAMS 0x000000070dd00000, 0x000000070dd00000| Untracked 
| 186|0x000000070de00000, 0x000000070de00000, 0x000000070df00000|  0%| F|  |TAMS 0x000000070de00000, 0x000000070de00000| Untracked 
| 187|0x000000070df00000, 0x000000070df00000, 0x000000070e000000|  0%| F|  |TAMS 0x000000070df00000, 0x000000070df00000| Untracked 
| 188|0x000000070e000000, 0x000000070e000000, 0x000000070e100000|  0%| F|  |TAMS 0x000000070e000000, 0x000000070e000000| Untracked 
| 189|0x000000070e100000, 0x000000070e100000, 0x000000070e200000|  0%| F|  |TAMS 0x000000070e100000, 0x000000070e100000| Untracked 
| 190|0x000000070e200000, 0x000000070e200000, 0x000000070e300000|  0%| F|  |TAMS 0x000000070e200000, 0x000000070e200000| Untracked 
| 191|0x000000070e300000, 0x000000070e300000, 0x000000070e400000|  0%| F|  |TAMS 0x000000070e300000, 0x000000070e300000| Untracked 
| 192|0x000000070e400000, 0x000000070e400000, 0x000000070e500000|  0%| F|  |TAMS 0x000000070e400000, 0x000000070e400000| Untracked 
| 193|0x000000070e500000, 0x000000070e500000, 0x000000070e600000|  0%| F|  |TAMS 0x000000070e500000, 0x000000070e500000| Untracked 
| 194|0x000000070e600000, 0x000000070e600000, 0x000000070e700000|  0%| F|  |TAMS 0x000000070e600000, 0x000000070e600000| Untracked 
| 195|0x000000070e700000, 0x000000070e700000, 0x000000070e800000|  0%| F|  |TAMS 0x000000070e700000, 0x000000070e700000| Untracked 
| 196|0x000000070e800000, 0x000000070e800000, 0x000000070e900000|  0%| F|  |TAMS 0x000000070e800000, 0x000000070e800000| Untracked 
| 197|0x000000070e900000, 0x000000070e900000, 0x000000070ea00000|  0%| F|  |TAMS 0x000000070e900000, 0x000000070e900000| Untracked 
| 198|0x000000070ea00000, 0x000000070ea00000, 0x000000070eb00000|  0%| F|  |TAMS 0x000000070ea00000, 0x000000070ea00000| Untracked 
| 199|0x000000070eb00000, 0x000000070eb00000, 0x000000070ec00000|  0%| F|  |TAMS 0x000000070eb00000, 0x000000070eb00000| Untracked 
| 200|0x000000070ec00000, 0x000000070ec00000, 0x000000070ed00000|  0%| F|  |TAMS 0x000000070ec00000, 0x000000070ec00000| Untracked 
| 201|0x000000070ed00000, 0x000000070ed00000, 0x000000070ee00000|  0%| F|  |TAMS 0x000000070ed00000, 0x000000070ed00000| Untracked 
| 202|0x000000070ee00000, 0x000000070ee00000, 0x000000070ef00000|  0%| F|  |TAMS 0x000000070ee00000, 0x000000070ee00000| Untracked 
| 203|0x000000070ef00000, 0x000000070ef00000, 0x000000070f000000|  0%| F|  |TAMS 0x000000070ef00000, 0x000000070ef00000| Untracked 
| 204|0x000000070f000000, 0x000000070f000000, 0x000000070f100000|  0%| F|  |TAMS 0x000000070f000000, 0x000000070f000000| Untracked 
| 205|0x000000070f100000, 0x000000070f100000, 0x000000070f200000|  0%| F|  |TAMS 0x000000070f100000, 0x000000070f100000| Untracked 
| 206|0x000000070f200000, 0x000000070f200000, 0x000000070f300000|  0%| F|  |TAMS 0x000000070f200000, 0x000000070f200000| Untracked 
| 207|0x000000070f300000, 0x000000070f300000, 0x000000070f400000|  0%| F|  |TAMS 0x000000070f300000, 0x000000070f300000| Untracked 
| 208|0x000000070f400000, 0x000000070f400000, 0x000000070f500000|  0%| F|  |TAMS 0x000000070f400000, 0x000000070f400000| Untracked 
| 209|0x000000070f500000, 0x000000070f500000, 0x000000070f600000|  0%| F|  |TAMS 0x000000070f500000, 0x000000070f500000| Untracked 
| 210|0x000000070f600000, 0x000000070f600000, 0x000000070f700000|  0%| F|  |TAMS 0x000000070f600000, 0x000000070f600000| Untracked 
| 211|0x000000070f700000, 0x000000070f700000, 0x000000070f800000|  0%| F|  |TAMS 0x000000070f700000, 0x000000070f700000| Untracked 
| 212|0x000000070f800000, 0x000000070f800000, 0x000000070f900000|  0%| F|  |TAMS 0x000000070f800000, 0x000000070f800000| Untracked 
| 213|0x000000070f900000, 0x000000070f900000, 0x000000070fa00000|  0%| F|  |TAMS 0x000000070f900000, 0x000000070f900000| Untracked 
| 214|0x000000070fa00000, 0x000000070fa00000, 0x000000070fb00000|  0%| F|  |TAMS 0x000000070fa00000, 0x000000070fa00000| Untracked 
| 215|0x000000070fb00000, 0x000000070fb00000, 0x000000070fc00000|  0%| F|  |TAMS 0x000000070fb00000, 0x000000070fb00000| Untracked 
| 216|0x000000070fc00000, 0x000000070fc00000, 0x000000070fd00000|  0%| F|  |TAMS 0x000000070fc00000, 0x000000070fc00000| Untracked 
| 217|0x000000070fd00000, 0x000000070fd00000, 0x000000070fe00000|  0%| F|  |TAMS 0x000000070fd00000, 0x000000070fd00000| Untracked 
| 218|0x000000070fe00000, 0x000000070fe00000, 0x000000070ff00000|  0%| F|  |TAMS 0x000000070fe00000, 0x000000070fe00000| Untracked 
| 219|0x000000070ff00000, 0x0000000710000000, 0x0000000710000000|100%| E|  |TAMS 0x000000070ff00000, 0x000000070ff00000| Complete 
| 220|0x0000000710000000, 0x0000000710100000, 0x0000000710100000|100%| E|CS|TAMS 0x0000000710000000, 0x0000000710000000| Complete 
| 221|0x0000000710100000, 0x0000000710200000, 0x0000000710200000|100%| E|CS|TAMS 0x0000000710100000, 0x0000000710100000| Complete 
| 222|0x0000000710200000, 0x0000000710300000, 0x0000000710300000|100%| E|CS|TAMS 0x0000000710200000, 0x0000000710200000| Complete 
| 223|0x0000000710300000, 0x0000000710400000, 0x0000000710400000|100%| E|CS|TAMS 0x0000000710300000, 0x0000000710300000| Complete 
| 224|0x0000000710400000, 0x0000000710500000, 0x0000000710500000|100%| E|CS|TAMS 0x0000000710400000, 0x0000000710400000| Complete 
| 225|0x0000000710500000, 0x0000000710600000, 0x0000000710600000|100%| E|CS|TAMS 0x0000000710500000, 0x0000000710500000| Complete 
| 226|0x0000000710600000, 0x0000000710700000, 0x0000000710700000|100%| E|CS|TAMS 0x0000000710600000, 0x0000000710600000| Complete 
| 227|0x0000000710700000, 0x0000000710800000, 0x0000000710800000|100%| S|CS|TAMS 0x0000000710700000, 0x0000000710700000| Complete 
| 228|0x0000000710800000, 0x0000000710900000, 0x0000000710900000|100%| S|CS|TAMS 0x0000000710800000, 0x0000000710800000| Complete 
| 229|0x0000000710900000, 0x0000000710a00000, 0x0000000710a00000|100%| S|CS|TAMS 0x0000000710900000, 0x0000000710900000| Complete 
| 230|0x0000000710a00000, 0x0000000710b00000, 0x0000000710b00000|100%| E|CS|TAMS 0x0000000710a00000, 0x0000000710a00000| Complete 
| 231|0x0000000710b00000, 0x0000000710c00000, 0x0000000710c00000|100%| E|CS|TAMS 0x0000000710b00000, 0x0000000710b00000| Complete 
| 232|0x0000000710c00000, 0x0000000710d00000, 0x0000000710d00000|100%| E|CS|TAMS 0x0000000710c00000, 0x0000000710c00000| Complete 
| 233|0x0000000710d00000, 0x0000000710e00000, 0x0000000710e00000|100%| E|CS|TAMS 0x0000000710d00000, 0x0000000710d00000| Complete 
| 234|0x0000000710e00000, 0x0000000710f00000, 0x0000000710f00000|100%| E|CS|TAMS 0x0000000710e00000, 0x0000000710e00000| Complete 
| 235|0x0000000710f00000, 0x0000000711000000, 0x0000000711000000|100%| E|CS|TAMS 0x0000000710f00000, 0x0000000710f00000| Complete 
| 236|0x0000000711000000, 0x0000000711100000, 0x0000000711100000|100%| E|CS|TAMS 0x0000000711000000, 0x0000000711000000| Complete 
| 237|0x0000000711100000, 0x0000000711200000, 0x0000000711200000|100%| E|CS|TAMS 0x0000000711100000, 0x0000000711100000| Complete 
| 238|0x0000000711200000, 0x0000000711300000, 0x0000000711300000|100%| E|CS|TAMS 0x0000000711200000, 0x0000000711200000| Complete 
| 239|0x0000000711300000, 0x0000000711400000, 0x0000000711400000|100%| E|CS|TAMS 0x0000000711300000, 0x0000000711300000| Complete 
| 240|0x0000000711400000, 0x0000000711500000, 0x0000000711500000|100%| E|CS|TAMS 0x0000000711400000, 0x0000000711400000| Complete 
| 241|0x0000000711500000, 0x0000000711600000, 0x0000000711600000|100%| E|CS|TAMS 0x0000000711500000, 0x0000000711500000| Complete 
| 242|0x0000000711600000, 0x0000000711700000, 0x0000000711700000|100%| E|CS|TAMS 0x0000000711600000, 0x0000000711600000| Complete 
| 243|0x0000000711700000, 0x0000000711800000, 0x0000000711800000|100%| E|CS|TAMS 0x0000000711700000, 0x0000000711700000| Complete 
| 244|0x0000000711800000, 0x0000000711900000, 0x0000000711900000|100%| E|CS|TAMS 0x0000000711800000, 0x0000000711800000| Complete 
| 245|0x0000000711900000, 0x0000000711a00000, 0x0000000711a00000|100%| E|CS|TAMS 0x0000000711900000, 0x0000000711900000| Complete 
| 246|0x0000000711a00000, 0x0000000711b00000, 0x0000000711b00000|100%| E|CS|TAMS 0x0000000711a00000, 0x0000000711a00000| Complete 
| 247|0x0000000711b00000, 0x0000000711c00000, 0x0000000711c00000|100%| E|CS|TAMS 0x0000000711b00000, 0x0000000711b00000| Complete 
| 248|0x0000000711c00000, 0x0000000711d00000, 0x0000000711d00000|100%| E|CS|TAMS 0x0000000711c00000, 0x0000000711c00000| Complete 
| 249|0x0000000711d00000, 0x0000000711e00000, 0x0000000711e00000|100%| E|CS|TAMS 0x0000000711d00000, 0x0000000711d00000| Complete 
| 250|0x0000000711e00000, 0x0000000711f00000, 0x0000000711f00000|100%| E|CS|TAMS 0x0000000711e00000, 0x0000000711e00000| Complete 
| 251|0x0000000711f00000, 0x0000000712000000, 0x0000000712000000|100%| E|CS|TAMS 0x0000000711f00000, 0x0000000711f00000| Complete 
| 252|0x0000000712000000, 0x0000000712100000, 0x0000000712100000|100%| E|CS|TAMS 0x0000000712000000, 0x0000000712000000| Complete 
| 253|0x0000000712100000, 0x0000000712200000, 0x0000000712200000|100%| E|CS|TAMS 0x0000000712100000, 0x0000000712100000| Complete 

Card table byte_map: [0x00000273fc060000,0x00000273fc850000] _byte_map_base: 0x00000273f884e000

Marking Bits (Prev, Next): (CMBitMap*) 0x00000273e377a508, (CMBitMap*) 0x00000273e377a548
 Prev Bits: [0x0000027380000000, 0x0000027383f70000)
 Next Bits: [0x0000027383f70000, 0x0000027387ee0000)

Polling page: 0x00000273e3910000

Metaspace:

Usage:
  Non-class:     12.29 MB capacity,    12.00 MB ( 98%) used,   256.43 KB (  2%) free+waste,    39.31 KB ( <1%) overhead. 
      Class:      1.87 MB capacity,     1.73 MB ( 92%) used,   129.96 KB (  7%) free+waste,    19.69 KB (  1%) overhead. 
       Both:     14.17 MB capacity,    13.73 MB ( 97%) used,   386.39 KB (  3%) free+waste,    59.00 KB ( <1%) overhead. 

Virtual space:
  Non-class space:       14.00 MB reserved,      12.50 MB ( 89%) committed 
      Class space:        1.00 GB reserved,       1.88 MB ( <1%) committed 
             Both:        1.01 GB reserved,      14.38 MB (  1%) committed 

Chunk freelists:
   Non-Class:  2.63 KB
       Class:  128 bytes
        Both:  2.75 KB

CodeHeap 'non-profiled nmethods': size=120000Kb used=752Kb max_used=752Kb free=119247Kb
 bounds [0x00000273f3de0000, 0x00000273f4050000, 0x00000273fb310000]
CodeHeap 'profiled nmethods': size=120000Kb used=3507Kb max_used=3507Kb free=116492Kb
 bounds [0x00000273ec8b0000, 0x00000273ecc20000, 0x00000273f3de0000]
CodeHeap 'non-nmethods': size=5760Kb used=1258Kb max_used=1273Kb free=4501Kb
 bounds [0x00000273ec310000, 0x00000273ec580000, 0x00000273ec8b0000]
 total_blobs=2588 nmethods=1699 adapters=413
 compilation: enabled
              stopped_count=0, restarted_count=0
 full_count=0

Compilation events (10 events):
Event: 15.062 Thread 0x00000273ffb2f800 1693       1       org.apache.http.message.BasicStatusLine::getStatusCode (5 bytes)
Event: 15.062 Thread 0x00000273ffb2f800 nmethod 1693 0x00000273f3e9af10 code [0x00000273f3e9b0c0, 0x00000273f3e9b1f8]
Event: 15.062 Thread 0x00000273ffb2f800 1694       1       org.openqa.selenium.remote.Command::getName (5 bytes)
Event: 15.063 Thread 0x00000273ffb2f800 nmethod 1694 0x00000273f3e9b290 code [0x00000273f3e9b440, 0x00000273f3e9b578]
Event: 15.063 Thread 0x00000273ffb2f800 1695       1       java.util.AbstractMap$SimpleImmutableEntry::getKey (5 bytes)
Event: 15.063 Thread 0x00000273ffb2f800 nmethod 1695 0x00000273f3e9b610 code [0x00000273f3e9b7c0, 0x00000273f3e9b8f8]
Event: 78.745 Thread 0x00000273ffb2f800 1696       3       java.io.OutputStream::write (34 bytes)
Event: 78.746 Thread 0x00000273ffb2f800 nmethod 1696 0x00000273ecc1bc90 code [0x00000273ecc1bea0, 0x00000273ecc1c3c0]
Event: 2041.384 Thread 0x00000273ffb2f800 1698       3       java.lang.ref.ReferenceQueue::reallyPoll (65 bytes)
Event: 2041.385 Thread 0x00000273ffb2f800 nmethod 1698 0x00000273ecc1c610 code [0x00000273ecc1c800, 0x00000273ecc1cdb8]

GC Heap History (2 events):
Event: 1.358 GC heap before
{Heap before GC invocations=0 (full 0):
 garbage-first heap   total 260096K, used 24576K [0x0000000702400000, 0x0000000800000000)
  region size 1024K, 24 young (24576K), 0 survivors (0K)
 Metaspace       used 8061K, capacity 8295K, committed 8576K, reserved 1056768K
  class space    used 945K, capacity 1046K, committed 1152K, reserved 1048576K
}
Event: 1.364 GC heap after
{Heap after GC invocations=1 (full 0):
 garbage-first heap   total 260096K, used 6593K [0x0000000702400000, 0x0000000800000000)
  region size 1024K, 3 young (3072K), 3 survivors (3072K)
 Metaspace       used 8061K, capacity 8295K, committed 8576K, reserved 1056768K
  class space    used 945K, capacity 1046K, committed 1152K, reserved 1048576K
}

Deoptimization events (10 events):
Event: 1.438 Thread 0x00000273e3fde800 Uncommon trap: reason=unstable_if action=reinterpret pc=0x00000273f3dfa250 method=java.lang.String.startsWith(Ljava/lang/String;I)Z @ 46 c2
Event: 1.453 Thread 0x00000273e3fde800 Uncommon trap: reason=unstable_if action=reinterpret pc=0x00000273f3e007fc method=java.lang.String.hashCode()I @ 22 c2
Event: 1.503 Thread 0x00000273e3fde800 Uncommon trap: reason=unstable_if action=reinterpret pc=0x00000273f3e518a8 method=java.util.regex.Pattern$Branch.match(Ljava/util/regex/Matcher;ILjava/lang/CharSequence;)Z @ 19 c2
Event: 1.547 Thread 0x00000273e3fde800 Uncommon trap: reason=unstable_if action=reinterpret pc=0x00000273f3e43dd0 method=java.lang.String.replace(CC)Ljava/lang/String; @ 2 c2
Event: 1.549 Thread 0x00000273e3fde800 Uncommon trap: reason=unstable_if action=reinterpret pc=0x00000273f3e461a4 method=java.lang.CharacterDataLatin1.digit(II)I @ 12 c2
Event: 2.552 Thread 0x00000273e3fde800 Uncommon trap: reason=unstable_if action=reinterpret pc=0x00000273f3e46610 method=java.lang.CharacterDataLatin1.digit(II)I @ 12 c2
Event: 2.604 Thread 0x00000273e3fde800 Uncommon trap: reason=unstable_if action=reinterpret pc=0x00000273f3e5c564 method=java.io.ByteArrayInputStream.read([BII)I @ 35 c2
Event: 2.623 Thread 0x0000027389d3b800 Uncommon trap: reason=class_check action=maybe_recompile pc=0x00000273f3e64a00 method=java.util.concurrent.ConcurrentHashMap.putVal(Ljava/lang/Object;Ljava/lang/Object;Z)Ljava/lang/Object; @ 159 c2
Event: 2.714 Thread 0x00000273e3fde800 Uncommon trap: reason=unstable_if action=reinterpret pc=0x00000273f3e64b70 method=java.util.concurrent.ConcurrentHashMap.putVal(Ljava/lang/Object;Ljava/lang/Object;Z)Ljava/lang/Object; @ 231 c2
Event: 2.715 Thread 0x00000273e3fde800 Uncommon trap: reason=unstable_if action=reinterpret pc=0x00000273f3e54f40 method=java.io.ByteArrayInputStream.read()I @ 8 c2

Classes redefined (9 events):
Event: 30.581 Thread 0x00000273e390a800 redefined class name=pages.QTHomePageScreen2, count=1
Event: 30.588 Thread 0x00000273e390a800 redefined class name=actions.requestLoanTestSuite, count=1
Event: 30.595 Thread 0x00000273e390a800 redefined class name=pages.NavigateToURL, count=1
Event: 30.602 Thread 0x00000273e390a800 redefined class name=pages.QtLoginPage2, count=1
Event: 30.610 Thread 0x00000273e390a800 redefined class name=pages.StartBrowser, count=1
Event: 30.618 Thread 0x00000273e390a800 redefined class name=pages.URL, count=1
Event: 127.212 Thread 0x00000273e390a800 redefined class name=pages.MoreIconSubLink, count=1
Event: 176.282 Thread 0x00000273e390a800 redefined class name=pages.MoreIconSubLink, count=2
Event: 1331.626 Thread 0x00000273e390a800 redefined class name=actions.requestLoanTestSuite, count=2

Internal exceptions (10 events):
Event: 41.274 Thread 0x00000273e3fde800 Exception <a 'java/net/SocketTimeoutException'{0x000000071015bf60}: Read timed out> (0x000000071015bf60) thrown at [t:/workspace/open/src/hotspot/share/prims/jni.cpp, line 636]
Event: 41.281 Thread 0x00000273e3fde800 Exception <a 'java/net/SocketTimeoutException'{0x000000071015d050}: Read timed out> (0x000000071015d050) thrown at [t:/workspace/open/src/hotspot/share/prims/jni.cpp, line 636]
Event: 41.404 Thread 0x00000273e3fde800 Exception <a 'java/net/SocketTimeoutException'{0x0000000710172510}: Read timed out> (0x0000000710172510) thrown at [t:/workspace/open/src/hotspot/share/prims/jni.cpp, line 636]
Event: 63.663 Thread 0x00000273e3fde800 Exception <a 'java/net/SocketTimeoutException'{0x0000000710007af0}: Read timed out> (0x0000000710007af0) thrown at [t:/workspace/open/src/hotspot/share/prims/jni.cpp, line 636]
Event: 63.670 Thread 0x00000273e3fde800 Exception <a 'java/net/SocketTimeoutException'{0x0000000710008be0}: Read timed out> (0x0000000710008be0) thrown at [t:/workspace/open/src/hotspot/share/prims/jni.cpp, line 636]
Event: 63.763 Thread 0x00000273e3fde800 Exception <a 'java/net/SocketTimeoutException'{0x000000071001e050}: Read timed out> (0x000000071001e050) thrown at [t:/workspace/open/src/hotspot/share/prims/jni.cpp, line 636]
Event: 69.646 Thread 0x00000273e3fde800 Exception <a 'java/net/SocketTimeoutException'{0x00000007100308e8}: Read timed out> (0x00000007100308e8) thrown at [t:/workspace/open/src/hotspot/share/prims/jni.cpp, line 636]
Event: 69.652 Thread 0x00000273e3fde800 Exception <a 'java/net/SocketTimeoutException'{0x00000007100319d8}: Read timed out> (0x00000007100319d8) thrown at [t:/workspace/open/src/hotspot/share/prims/jni.cpp, line 636]
Event: 72.101 Thread 0x00000273e3fde800 Exception <a 'java/net/SocketTimeoutException'{0x000000070ff80238}: Read timed out> (0x000000070ff80238) thrown at [t:/workspace/open/src/hotspot/share/prims/jni.cpp, line 636]
Event: 72.121 Thread 0x00000273e3fde800 Exception <a 'java/net/SocketTimeoutException'{0x000000070ff81328}: Read timed out> (0x000000070ff81328) thrown at [t:/workspace/open/src/hotspot/share/prims/jni.cpp, line 636]

Events (10 events):
Event: 10197.620 Executing VM operation: GetCurrentContendedMonitor done
Event: 10197.620 Executing VM operation: GetOwnedMonitorInfo
Event: 10197.621 Executing VM operation: GetOwnedMonitorInfo done
Event: 10238.094 Executing VM operation: GetCurrentContendedMonitor
Event: 10238.094 Executing VM operation: GetCurrentContendedMonitor done
Event: 10238.094 Executing VM operation: GetOwnedMonitorInfo
Event: 10238.094 Executing VM operation: GetOwnedMonitorInfo done
Event: 10239.117 Executing VM operation: GetFrameLocation
Event: 10239.118 Executing VM operation: GetFrameLocation done
Event: 10239.118 Executing VM operation: GetOrSetLocal


Dynamic libraries:
0x00007ff7ceb60000 - 0x00007ff7ceb6f000 	C:\Program Files\Java\jdk-12.0.2\bin\javaw.exe
0x00007ffc72700000 - 0x00007ffc728ed000 	C:\Windows\SYSTEM32\ntdll.dll
0x00007ffc70400000 - 0x00007ffc704b3000 	C:\Windows\System32\KERNEL32.DLL
0x00007ffc6e7d0000 - 0x00007ffc6ea63000 	C:\Windows\System32\KERNELBASE.dll
0x00007ffc6f7b0000 - 0x00007ffc6f8aa000 	C:\Windows\System32\ucrtbase.dll
0x00007ffc696d0000 - 0x00007ffc696e8000 	C:\Program Files\Java\jdk-12.0.2\bin\jli.dll
0x00007ffc6ff30000 - 0x00007ffc6ffd3000 	C:\Windows\System32\ADVAPI32.dll
0x00007ffc70140000 - 0x00007ffc701de000 	C:\Windows\System32\msvcrt.dll
0x00007ffc6f930000 - 0x00007ffc6f9ce000 	C:\Windows\System32\sechost.dll
0x00007ffc1e030000 - 0x00007ffc1e046000 	C:\Program Files\Java\jdk-12.0.2\bin\VCRUNTIME140.dll
0x00007ffc71e90000 - 0x00007ffc71fb2000 	C:\Windows\System32\RPCRT4.dll
0x00007ffc6fd30000 - 0x00007ffc6fec7000 	C:\Windows\System32\USER32.dll
0x00007ffc6f8b0000 - 0x00007ffc6f8d0000 	C:\Windows\System32\win32u.dll
0x00007ffc6fcf0000 - 0x00007ffc6fd19000 	C:\Windows\System32\GDI32.dll
0x00007ffc6f3e0000 - 0x00007ffc6f57a000 	C:\Windows\System32\gdi32full.dll
0x00007ffc6ebc0000 - 0x00007ffc6ec60000 	C:\Windows\System32\msvcp_win.dll
0x00007ffc5a740000 - 0x00007ffc5a9b9000 	C:\Windows\WinSxS\amd64_microsoft.windows.common-controls_6595b64144ccf1df_6.0.17763.379_none_05b83be8071c94a1\COMCTL32.dll
0x00007ffc723a0000 - 0x00007ffc726cd000 	C:\Windows\System32\combase.dll
0x00007ffc6eb20000 - 0x00007ffc6eb9e000 	C:\Windows\System32\bcryptPrimitives.dll
0x00007ffc61310000 - 0x00007ffc6131a000 	C:\Windows\SYSTEM32\VERSION.dll
0x00007ffc6f9d0000 - 0x00007ffc6f9fe000 	C:\Windows\System32\IMM32.DLL
0x00007ffc61400000 - 0x00007ffc61488000 	C:\Windows\SYSTEM32\dlphook.x64.dll
0x00007ffc722a0000 - 0x00007ffc722a8000 	C:\Windows\System32\PSAPI.DLL
0x00007ffc704c0000 - 0x00007ffc719b0000 	C:\Windows\System32\SHELL32.dll
0x00007ffc6f760000 - 0x00007ffc6f7aa000 	C:\Windows\System32\cfgmgr32.dll
0x00007ffc70350000 - 0x00007ffc703f8000 	C:\Windows\System32\shcore.dll
0x00007ffc6ec90000 - 0x00007ffc6f3da000 	C:\Windows\System32\windows.storage.dll
0x00007ffc6e7a0000 - 0x00007ffc6e7c4000 	C:\Windows\System32\profapi.dll
0x00007ffc6e700000 - 0x00007ffc6e75d000 	C:\Windows\System32\powrprof.dll
0x00007ffc6fed0000 - 0x00007ffc6ff22000 	C:\Windows\System32\shlwapi.dll
0x00007ffc6e780000 - 0x00007ffc6e791000 	C:\Windows\System32\kernel.appcore.dll
0x00007ffc6eba0000 - 0x00007ffc6ebb7000 	C:\Windows\System32\cryptsp.dll
0x00007ffc6ffe0000 - 0x00007ffc70135000 	C:\Windows\System32\ole32.dll
0x00007ffc721d0000 - 0x00007ffc7223d000 	C:\Windows\System32\WS2_32.dll
0x00007ffbfb7e0000 - 0x00007ffbfb98a000 	C:\Windows\system32\tmumh\20019\AddOn\8.20.0.1028\TmUmEvt64.dll
0x000000005dbb0000 - 0x000000005dd16000 	C:\Windows\system32\tmumh\20019\TmMon\2.7.3.1024\tmmon64.dll
0x00007ffc02530000 - 0x00007ffc025da000 	C:\Program Files\Java\jdk-12.0.2\bin\msvcp140.dll
0x00007ffbdfad0000 - 0x00007ffbe0647000 	C:\Program Files\Java\jdk-12.0.2\bin\server\jvm.dll
0x00007ffc53e80000 - 0x00007ffc53e89000 	C:\Windows\SYSTEM32\WSOCK32.dll
0x00007ffc6c080000 - 0x00007ffc6c0a4000 	C:\Windows\SYSTEM32\WINMM.dll
0x00007ffc6c000000 - 0x00007ffc6c02d000 	C:\Windows\SYSTEM32\WINMMBASE.dll
0x00007ffc58400000 - 0x00007ffc58411000 	C:\Program Files\Java\jdk-12.0.2\bin\verify.dll
0x00007ffc6c220000 - 0x00007ffc6c40d000 	C:\Windows\SYSTEM32\DBGHELP.DLL
0x00007ffc56810000 - 0x00007ffc5683a000 	C:\Windows\SYSTEM32\dbgcore.DLL
0x00007ffc34060000 - 0x00007ffc34086000 	C:\Program Files\Java\jdk-12.0.2\bin\java.dll
0x00007ffc080b0000 - 0x00007ffc080e8000 	C:\Program Files\Java\jdk-12.0.2\bin\jdwp.dll
0x00007ffc380a0000 - 0x00007ffc380b7000 	C:\Program Files\Java\jdk-12.0.2\bin\zip.dll
0x00007ffc6a830000 - 0x00007ffc6a83a000 	C:\Program Files\Java\jdk-12.0.2\bin\jimage.dll
0x00007ffc68730000 - 0x00007ffc6873a000 	C:\Program Files\Java\jdk-12.0.2\bin\dt_socket.dll
0x00007ffc6df80000 - 0x00007ffc6dfe7000 	C:\Windows\System32\mswsock.dll
0x00007ffc6dd20000 - 0x00007ffc6dde6000 	C:\Windows\SYSTEM32\DNSAPI.dll
0x00007ffc6fd20000 - 0x00007ffc6fd28000 	C:\Windows\System32\NSI.dll
0x00007ffc6dce0000 - 0x00007ffc6dd1d000 	C:\Windows\SYSTEM32\IPHLPAPI.DLL
0x00007ffc69930000 - 0x00007ffc699a9000 	C:\Windows\System32\fwpuclnt.dll
0x00007ffc6ec60000 - 0x00007ffc6ec86000 	C:\Windows\System32\bcrypt.dll
0x00007ffc64820000 - 0x00007ffc6482a000 	C:\Windows\System32\rasadhlp.dll
0x00007ffc36600000 - 0x00007ffc36619000 	C:\Program Files\Java\jdk-12.0.2\bin\net.dll
0x00007ffc6cca0000 - 0x00007ffc6cd91000 	C:\Windows\SYSTEM32\WINHTTP.dll
0x00007ffc5d040000 - 0x00007ffc5d216000 	C:\Windows\SYSTEM32\urlmon.dll
0x00007ffc5e040000 - 0x00007ffc5e2e8000 	C:\Windows\SYSTEM32\iertutil.dll
0x00007ffc6e150000 - 0x00007ffc6e15c000 	C:\Windows\SYSTEM32\CRYPTBASE.DLL
0x00007ffc34040000 - 0x00007ffc34053000 	C:\Program Files\Java\jdk-12.0.2\bin\nio.dll
0x00007ffc6db40000 - 0x00007ffc6db73000 	C:\Windows\system32\rsaenh.dll
0x00007ffc6e630000 - 0x00007ffc6e658000 	C:\Windows\SYSTEM32\USERENV.dll
0x00007ffc69540000 - 0x00007ffc69556000 	C:\Windows\SYSTEM32\dhcpcsvc6.DLL
0x00007ffc69500000 - 0x00007ffc6951c000 	C:\Windows\SYSTEM32\dhcpcsvc.DLL
0x00007ffc5b410000 - 0x00007ffc5b41e000 	C:\Program Files\Java\jdk-12.0.2\bin\sunmscapi.dll
0x00007ffc6f580000 - 0x00007ffc6f75b000 	C:\Windows\System32\CRYPT32.dll
0x00007ffc6e760000 - 0x00007ffc6e772000 	C:\Windows\System32\MSASN1.dll
0x00007ffc6e250000 - 0x00007ffc6e276000 	C:\Windows\SYSTEM32\ncrypt.dll
0x00007ffc6e210000 - 0x00007ffc6e24c000 	C:\Windows\SYSTEM32\NTASN1.dll
0x000002738ac20000 - 0x000002738ac47000 	C:\Program Files\Java\jdk-12.0.2\bin\sunec.dll

dbghelp: loaded successfully - version: 4.0.5 - missing functions: none
symbol engine: initialized successfully - sym options: 0x614 - pdb path: .;C:\Program Files\Java\jdk-12.0.2\bin;C:\Windows\SYSTEM32;C:\Windows\WinSxS\amd64_microsoft.windows.common-controls_6595b64144ccf1df_6.0.17763.379_none_05b83be8071c94a1;C:\Windows\system32\tmumh\20019\AddOn\8.20.0.1028;C:\Windows\system32\tmumh\20019\TmMon\2.7.3.1024;C:\Program Files\Java\jdk-12.0.2\bin\server

VM Arguments:
jvm_args: -agentlib:jdwp=transport=dt_socket,suspend=y,address=localhost:49430 -ea -Dfile.encoding=Cp1252 
java_command: org.testng.remote.RemoteTestNG -serport 49429 -protocol json -d C:\Users\godbless.onyebuchi\eclipse-workspace\quickteller-5.0-webdriver-testsuite\test-output C:\Users\GODBLE~1.ONY\AppData\Local\Temp\testng-eclipse--3235385\testng-customsuite.xml
java_class_path (initial): C:\Users\godbless.onyebuchi\Downloads\eclipse-java-2019-06-R-win32-x86_64\eclipse\configuration\org.eclipse.osgi\490\0\.cp\lib\testng-remote.jar;C:\Users\godbless.onyebuchi\eclipse-workspace\quickteller-5.0-webdriver-testsuite\target\test-classes;C:\Users\godbless.onyebuchi\eclipse-workspace\quickteller-5.0-webdriver-testsuite\target\classes;C:\Users\godbless.onyebuchi\Downloads\mysql-connector-java-5.1.18-bin.jar;C:\Users\godbless.onyebuchi\Downloads\Microsoft JDBC Driver 6.0 for SQL Server\sqljdbc_6.0\enu\jre8\sqljdbc42.jar;C:\Users\godbless.onyebuchi\Downloads\sqljdbc_6.0.8112.200_enu\sqljdbc_6.0\enu\jre8\sqljdbc42.jar;C:\Users\godbless.onyebuchi\.m2\repository\org\seleniumhq\selenium\selenium-java\3.7.1\selenium-java-3.7.1.jar;C:\Users\godbless.onyebuchi\.m2\repository\org\seleniumhq\selenium\selenium-api\3.7.1\selenium-api-3.7.1.jar;C:\Users\godbless.onyebuchi\.m2\repository\org\seleniumhq\selenium\selenium-chrome-driver\3.7.1\selenium-chrome-driver-3.7.1.jar;C:\Users\godbless.onyebuchi\.m2\repository\org\seleniumhq\selenium\selenium-edge-driver\3.7.1\selenium-edge-driver-3.7.1.jar;C:\Users\godbless.onyebuchi\.m2\repository\org\seleniumhq\selenium\selenium-firefox-driver\3.7.1\selenium-firefox-driver-3.7.1.jar;C:\Users\godbless.onyebuchi\.m2\repository\org\seleniumhq\selenium\selenium-ie-driver\3.7.1\selenium-ie-driver-3.7.1.jar;C:\Users\godbless.onyebuchi\.m2\repository\org\seleniumhq\selenium\selenium-opera-driver\3.7.1\selenium-opera-driver-3.7.1.jar;C:\Users\godbless.onyebuchi\.m2\repository\org\seleniumhq\selenium\selenium-remote-driver\3.7.1\selenium-remote-driver-3.7.1.jar;C:\Users\godbless.onyebuchi\.m2\repository\org\seleniumhq\selenium\selenium-safari-driver\3.7.1\selenium-safari-driver-3.7.1.jar;C:\Users\godbless.onyebuchi\.m2\repository\org\seleniumhq\selenium\selenium-support\3.7.1\selenium-support-3.7.1.jar;C:\Users\godbless.onyebuchi\.m2\repository\net\bytebuddy\byte-buddy\1.7.5\byte-buddy-1.7.5.jar;C:\Users\godbless.
Launcher Type: SUN_STANDARD

[Global flags]
     intx CICompilerCount                          = 4                                         {product} {ergonomic}
     uint ConcGCThreads                            = 2                                         {product} {ergonomic}
     uint G1ConcRefinementThreads                  = 8                                         {product} {ergonomic}
   size_t G1HeapRegionSize                         = 1048576                                   {product} {ergonomic}
    uintx GCDrainStackTargetSize                   = 64                                        {product} {ergonomic}
   size_t InitialHeapSize                          = 266338304                                 {product} {ergonomic}
   size_t MarkStackSize                            = 4194304                                   {product} {ergonomic}
   size_t MaxHeapSize                              = 4257218560                                {product} {ergonomic}
   size_t MaxNewSize                               = 2554331136                                {product} {ergonomic}
   size_t MinHeapDeltaBytes                        = 1048576                                   {product} {ergonomic}
    uintx NonNMethodCodeHeapSize                   = 5836300                                {pd product} {ergonomic}
    uintx NonProfiledCodeHeapSize                  = 122910970                              {pd product} {ergonomic}
    uintx ProfiledCodeHeapSize                     = 122910970                              {pd product} {ergonomic}
    uintx ReservedCodeCacheSize                    = 251658240                              {pd product} {ergonomic}
     bool SegmentedCodeCache                       = true                                      {product} {ergonomic}
     bool UseCompressedClassPointers               = true                                 {lp64_product} {ergonomic}
     bool UseCompressedOops                        = true                                 {lp64_product} {ergonomic}
     bool UseG1GC                                  = true                                      {product} {ergonomic}
     bool UseLargePagesIndividualAllocation        = false                                  {pd product} {ergonomic}

Logging:
Log output configuration:
 #0: stdout all=warning uptime,level,tags
 #1: stderr all=off uptime,level,tags

Environment Variables:
JAVA_HOME=C:\Program Files\Java\jdk-12.0.2
CLASSPATH=C:\Users\godbless.onyebuchi\Downloads\mysql-connector-java-5.1.18-bin.jar
PATH=C:/Program Files/Java/jdk-12.0.2/bin/server;C:/Program Files/Java/jdk-12.0.2/bin;C:\Program Files (x86)\Intel\Intel(R) Management Engine Components\iCLS\;C:\Program Files\Intel\Intel(R) Management Engine Components\iCLS\;C:\Windows\system32;C:\Windows;C:\Windows\System32\Wbem;C:\Windows\System32\WindowsPowerShell\v1.0\;C:\Windows\System32\OpenSSH\;C:\Program Files\Intel\WiFi\bin\;C:\Program Files\Common Files\Intel\WirelessCommon\;C:\Program Files (x86)\Intel\Intel(R) Management Engine Components\DAL;C:\Program Files\Intel\Intel(R) Management Engine Components\DAL;C:\Program Files\OutlookAddinClient;C:\Program Files\Git\cmd;C:\Program Files\Java\jdk-12.0.2\bin;C:\Program Files\apache-maven-3.6.1\bin;C:\Program Files\Microsoft SQL Server\120\DTS\Binn\;C:\Program Files\Microsoft SQL Server\Client SDK\ODBC\110\Tools\Binn\;C:\Program Files (x86)\Microsoft SQL Server\120\Tools\Binn\;C:\Program Files\Microsoft SQL Server\120\Tools\Binn\;C:\Program Files (x86)\Microsoft SQL Server\120\Tools\Binn\ManagementStudio\;C:\Program Files (x86)\Microsoft SQL Server\120\DTS\Binn\;C:\Ruby23-x64\bin;C:\Ruby24-x64\bin;C:\Ruby26-x64\bin;C:\Users\godbless.onyebuchi\AppData\Local\Microsoft\WindowsApps;C:\Users\godbless.onyebuchi\Downloads\eclipse-java-2019-06-R-win32-x86_64\eclipse;
USERNAME=Godbless.Onyebuchi
OS=Windows_NT
PROCESSOR_IDENTIFIER=Intel64 Family 6 Model 142 Stepping 10, GenuineIntel



---------------  S Y S T E M  ---------------

OS: Windows 10 , 64 bit Build 17763 (10.0.17763.379)

CPU:total 8 (initial active 8) (4 cores per cpu, 2 threads per core) family 6 model 142 stepping 10, cmov, cx8, fxsr, mmx, sse, sse2, sse3, ssse3, sse4.1, sse4.2, popcnt, avx, avx2, aes, clmul, erms, 3dnowpref, lzcnt, ht, tsc, tscinvbit, bmi1, bmi2, adx, fma

Memory: 4k page, system-wide physical 16233M (3704M free)
TotalPageFile size 24214M (AvailPageFile size 2967M)
current process WorkingSet (physical memory assigned to process): 38M, peak: 113M
current process commit charge ("private bytes"): 381M, peak: 396M

vm_info: Java HotSpot(TM) 64-Bit Server VM (12.0.2+10) for windows-amd64 JRE (12.0.2+10), built on Jul 16 2019 01:56:17 by "mach5one" with MS VC++ 15.5 (VS2017)

END.
